<?xml version="1.0" encoding="UTF-8"?>
<testng-results skipped="0" failed="0" total="1" passed="1">
  <reporter-output>
  </reporter-output>
  <suite name="Default suite" duration-ms="45448" started-at="2019-12-15T15:22:57Z" finished-at="2019-12-15T15:23:42Z">
    <groups>
    </groups>
    <test name="Default test" duration-ms="45448" started-at="2019-12-15T15:22:57Z" finished-at="2019-12-15T15:23:42Z">
      <class name="com.Satish.Satish.ExtentReportsEX">
        <test-method status="PASS" signature="verifyHomePageTitle()[pri:0, instance:com.Satish.Satish.ExtentReportsEX@402f32ff]" name="verifyHomePageTitle" duration-ms="45327" started-at="2019-12-15T15:22:57Z" finished-at="2019-12-15T15:23:42Z">
        </test-method> <!-- verifyHomePageTitle -->
      </class> <!-- com.Satish.Satish.ExtentReportsEX -->
    </test> <!-- Default test -->
  </suite> <!-- Default suite -->
</testng-results>
